<?xml version="1.0" encoding="UTF-8"?>
<!-- Generated by org.testng.reporters.JUnitReportReporter -->
<testsuite hostname="CPC-anbog-RVKLH" failures="0" tests="1" name="TestExecute.Osprey_US.RegressionTestcase.Test_DGLD_OS_US_ST_010_Find_a_Dealer" time="318.379" errors="0" timestamp="1 Apr 2025 18:22:57 GMT">
  <testcase classname="TestExecute.Osprey_US.RegressionTestcase.Test_DGLD_OS_US_ST_010_Find_a_Dealer" name="Verifying_the_Store_Locator_Funtionality" time="318.379"/>
</testsuite> <!-- TestExecute.Osprey_US.RegressionTestcase.Test_DGLD_OS_US_ST_010_Find_a_Dealer -->
