<?xml version="1.0" encoding="UTF-8"?>
<!-- Generated by org.testng.reporters.JUnitReportReporter -->
<testsuite hostname="CPC-sukunta5-YW" failures="0" tests="1" name="TestExecute.Admin.RegressionTestcases.Test_DGLD_Admin_ST_CM_001_Create_Update_Delete_New_Customer" time="161.603" errors="0" timestamp="28 Sep 2022 08:11:57 GMT">
  <testcase classname="TestExecute.Admin.RegressionTestcases.Test_DGLD_Admin_ST_CM_001_Create_Update_Delete_New_Customer" name="Validate_Create_update_Delete_NewCustomer" time="161.603"/>
</testsuite> <!-- TestExecute.Admin.RegressionTestcases.Test_DGLD_Admin_ST_CM_001_Create_Update_Delete_New_Customer -->
