<?xml version="1.0" encoding="UTF-8"?>
<!-- Generated by org.testng.reporters.JUnitReportReporter -->
<testsuite hostname="CPC-vnarr-42JDJ" failures="0" tests="1" name="TestExecute.Hydroflask.Hydroflask_O2C_E2E.Test_DGLD_HYF_E2E_ST_001_Registereduser_checkout_with_Master_CC_4Items_each_qty_2_Giftmessage_Standard" time="727.273" errors="0" timestamp="7 Apr 2025 09:54:32 GMT">
  <testcase classname="TestExecute.Hydroflask.Hydroflask_O2C_E2E.Test_DGLD_HYF_E2E_ST_001_Registereduser_checkout_with_Master_CC_4Items_each_qty_2_Giftmessage_Standard" name="Validating_Registereduser_checkout_with_Master_CC_4Items_each_qty_2_Giftmessage_Standard" time="727.273"/>
</testsuite> <!-- TestExecute.Hydroflask.Hydroflask_O2C_E2E.Test_DGLD_HYF_E2E_ST_001_Registereduser_checkout_with_Master_CC_4Items_each_qty_2_Giftmessage_Standard -->
