<?xml version="1.0" encoding="UTF-8"?>
<!-- Generated by org.testng.reporters.JUnitReportReporter -->
<testsuite hostname="CPC-anbog-RVKLH" failures="0" tests="1" name="TestExecute.Osprey_US.RegressionTestcase.Test_DGLD_OS_US_062_Guest_User_Checkout_Gift_Card_Code" time="386.060" errors="0" timestamp="7 Apr 2025 14:03:47 GMT">
  <testcase classname="TestExecute.Osprey_US.RegressionTestcase.Test_DGLD_OS_US_062_Guest_User_Checkout_Gift_Card_Code" name="Verifying_Guest_User_Checkout_Gift_Card" time="386.060"/>
</testsuite> <!-- TestExecute.Osprey_US.RegressionTestcase.Test_DGLD_OS_US_062_Guest_User_Checkout_Gift_Card_Code -->
