<?xml version="1.0" encoding="UTF-8"?>
<!-- Generated by org.testng.reporters.JUnitReportReporter -->
<testsuite hostname="CPC-rdevunur-RN" failures="0" tests="1" name="TestExecute.Hydroflask.unitTestcase.Test_DGLD_HF_UT_AlternatePath_AuthenticatedUser_SelectstoEnter_AccessCode" time="137.992" errors="0" timestamp="7 Sep 2022 19:07:45 GMT">
  <testcase classname="TestExecute.Hydroflask.unitTestcase.Test_DGLD_HF_UT_AlternatePath_AuthenticatedUser_SelectstoEnter_AccessCode" name="Validate_AuthenticatedUser_SelectstoEnter_AccessCode" time="137.992"/>
</testsuite> <!-- TestExecute.Hydroflask.unitTestcase.Test_DGLD_HF_UT_AlternatePath_AuthenticatedUser_SelectstoEnter_AccessCode -->
